# JRE version: Java(TM) SE Runtime Environment 18.9 (11.0.15+8) (build 11.0.15+8-LTS-149)
# Java VM: Java HotSpot(TM) 64-Bit Server VM 18.9 (11.0.15+8-LTS-149, mixed mode, tiered, compressed oops, g1 gc, windows-amd64)
Heap:
 garbage-first heap   total 98304K, used 8177K [0x00000000a0c00000, 0x0000000100000000)
  region size 1024K, 5 young (5120K), 2 survivors (2048K)
 Metaspace       used 21500K, capacity 21951K, committed 22144K, reserved 1069056K
  class space    used 2486K, capacity 2662K, committed 2688K, reserved 1048576K
GC Heap History (6 events):
Event: 4.508 GC heap before
{Heap before GC invocations=0 (full 0):
 garbage-first heap   total 98304K, used 14336K [0x00000000a0c00000, 0x0000000100000000)
  region size 1024K, 14 young (14336K), 0 survivors (0K)
 Metaspace       used 11836K, capacity 12105K, committed 12288K, reserved 1060864K
  class space    used 1132K, capacity 1211K, committed 1280K, reserved 1048576K
}
Event: 4.513 GC heap after
{Heap after GC invocations=1 (full 0):
 garbage-first heap   total 98304K, used 4291K [0x00000000a0c00000, 0x0000000100000000)
  region size 1024K, 2 young (2048K), 2 survivors (2048K)
 Metaspace       used 11836K, capacity 12105K, committed 12288K, reserved 1060864K
  class space    used 1132K, capacity 1211K, committed 1280K, reserved 1048576K
}
Event: 4.968 GC heap before
{Heap before GC invocations=1 (full 0):
 garbage-first heap   total 98304K, used 15555K [0x00000000a0c00000, 0x0000000100000000)
  region size 1024K, 13 young (13312K), 2 survivors (2048K)
 Metaspace       used 15002K, capacity 15268K, committed 15616K, reserved 1062912K
  class space    used 1585K, capacity 1666K, committed 1792K, reserved 1048576K
}
Event: 4.973 GC heap after
{Heap after GC invocations=2 (full 0):
 garbage-first heap   total 98304K, used 5233K [0x00000000a0c00000, 0x0000000100000000)
  region size 1024K, 1 young (1024K), 1 survivors (1024K)
 Metaspace       used 15002K, capacity 15268K, committed 15616K, reserved 1062912K
  class space    used 1585K, capacity 1666K, committed 1792K, reserved 1048576K
}
Event: 6.003 GC heap before
{Heap before GC invocations=2 (full 0):
 garbage-first heap   total 98304K, used 20593K [0x00000000a0c00000, 0x0000000100000000)
  region size 1024K, 17 young (17408K), 1 survivors (1024K)
 Metaspace       used 20786K, capacity 21137K, committed 21248K, reserved 1069056K
  class space    used 2356K, capacity 2495K, committed 2560K, reserved 1048576K
}
Event: 6.008 GC heap after
{Heap after GC invocations=3 (full 0):
 garbage-first heap   total 98304K, used 6129K [0x00000000a0c00000, 0x0000000100000000)
  region size 1024K, 2 young (2048K), 2 survivors (2048K)
 Metaspace       used 20786K, capacity 21137K, committed 21248K, reserved 1069056K
  class space    used 2356K, capacity 2495K, committed 2560K, reserved 1048576K
}

